0 info it worked if it ends with ok
1 verbose cli [ 'node', '/usr/local/bin/npm', 'install', '-g', 'markdown' ]
2 info using npm@2.5.1
3 info using node@v0.12.0
4 silly cache add args [ 'markdown', null ]
5 verbose cache add spec markdown
6 silly cache add parsed spec { raw: 'markdown',
6 silly cache add   scope: null,
6 silly cache add   name: 'markdown',
6 silly cache add   rawSpec: '',
6 silly cache add   spec: '*',
6 silly cache add   type: 'range' }
7 verbose addNamed markdown@*
8 silly addNamed semver.valid null
9 silly addNamed semver.validRange *
10 silly addNameRange { name: 'markdown', range: '*', hasData: false }
11 silly mapToRegistry name markdown
12 silly mapToRegistry using default registry
13 silly mapToRegistry registry https://registry.npmjs.org/
14 silly mapToRegistry uri https://registry.npmjs.org/markdown
15 verbose addNameRange registry:https://registry.npmjs.org/markdown not in flight; fetching
16 verbose request uri https://registry.npmjs.org/markdown
17 verbose request no auth needed
18 info attempt registry request try #1 at 11:08:16 PM
19 verbose request id b491a73c3893837d
20 verbose etag "8ZVRLEJJM4LY0KSSSRL1PNZDA"
21 http request GET https://registry.npmjs.org/markdown
22 http 304 https://registry.npmjs.org/markdown
23 silly get cb [ 304,
23 silly get   { date: 'Tue, 26 May 2015 06:08:16 GMT',
23 silly get     via: '1.1 varnish',
23 silly get     'cache-control': 'max-age=60',
23 silly get     etag: '"8ZVRLEJJM4LY0KSSSRL1PNZDA"',
23 silly get     age: '33',
23 silly get     connection: 'keep-alive',
23 silly get     'x-served-by': 'cache-lax1431-LAX',
23 silly get     'x-cache': 'HIT',
23 silly get     'x-cache-hits': '1',
23 silly get     'x-timer': 'S1432620496.557506,VS0,VE0',
23 silly get     vary: 'Accept' } ]
24 verbose etag https://registry.npmjs.org/markdown from cache
25 verbose get saving markdown to /Users/adamwells/.npm/registry.npmjs.org/markdown/.cache.json
26 silly addNameRange number 2 { name: 'markdown', range: '*', hasData: true }
27 silly addNameRange versions [ 'markdown',
27 silly addNameRange   [ '0.1.0',
27 silly addNameRange     '0.1.1',
27 silly addNameRange     '0.1.2',
27 silly addNameRange     '0.2.1',
27 silly addNameRange     '0.3.0',
27 silly addNameRange     '0.3.1',
27 silly addNameRange     '0.4.0',
27 silly addNameRange     '0.5.0' ] ]
28 verbose addNamed markdown@0.5.0
29 silly addNamed semver.valid 0.5.0
30 silly addNamed semver.validRange 0.5.0
31 silly cache afterAdd markdown@0.5.0
32 verbose afterAdd /Users/adamwells/.npm/markdown/0.5.0/package/package.json not in flight; writing
33 verbose afterAdd /Users/adamwells/.npm/markdown/0.5.0/package/package.json written
34 silly install resolved [ { name: 'markdown',
34 silly install resolved     version: '0.5.0',
34 silly install resolved     description: 'A sensible Markdown parser for javascript',
34 silly install resolved     keywords: [ 'markdown', 'text processing', 'ast' ],
34 silly install resolved     maintainers: [ [Object], [Object] ],
34 silly install resolved     contributors: [ [Object], [Object] ],
34 silly install resolved     bugs: { url: 'http://github.com/evilstreak/markdown-js/issues' },
34 silly install resolved     licenses: [ [Object] ],
34 silly install resolved     repository:
34 silly install resolved      { type: 'git',
34 silly install resolved        url: 'git://github.com/evilstreak/markdown-js.git' },
34 silly install resolved     main: './lib/index.js',
34 silly install resolved     bin: { md2html: './bin/md2html.js' },
34 silly install resolved     dependencies: { nopt: '~2.1.1' },
34 silly install resolved     devDependencies: { tap: '~0.3.3' },
34 silly install resolved     scripts: { test: 'tap ./test/*.t.js' },
34 silly install resolved     _npmUser: { name: 'ashb', email: 'ash_npm@firemirror.com' },
34 silly install resolved     _id: 'markdown@0.5.0',
34 silly install resolved     optionalDependencies: {},
34 silly install resolved     engines: { node: '*' },
34 silly install resolved     _engineSupported: true,
34 silly install resolved     _npmVersion: '1.1.16',
34 silly install resolved     _nodeVersion: 'v0.6.14',
34 silly install resolved     _defaultsLoaded: true,
34 silly install resolved     dist:
34 silly install resolved      { shasum: '28205b565a8ae7592de207463d6637dc182722b2',
34 silly install resolved        tarball: 'http://registry.npmjs.org/markdown/-/markdown-0.5.0.tgz' },
34 silly install resolved     readme: 'ERROR: No README data found!',
34 silly install resolved     directories: {},
34 silly install resolved     _shasum: '28205b565a8ae7592de207463d6637dc182722b2',
34 silly install resolved     _resolved: 'https://registry.npmjs.org/markdown/-/markdown-0.5.0.tgz',
34 silly install resolved     _from: 'markdown@*',
34 silly install resolved     homepage: 'https://github.com/evilstreak/markdown-js' } ]
35 info install markdown@0.5.0 into /usr/local/lib
36 info installOne markdown@0.5.0
37 verbose installOne of markdown to /usr/local/lib not in flight; installing
38 verbose lock using /Users/adamwells/.npm/_locks/markdown-dafce6ca41e387ac.lock for /usr/local/lib/node_modules/markdown
39 silly install write writing markdown 0.5.0 to /usr/local/lib/node_modules/markdown
40 silly cache addNamed cb markdown@0.5.0
41 verbose unbuild lib/node_modules/markdown
42 verbose gentlyRm vacuuming /usr/local/lib/node_modules/markdown
43 verbose tar unpack /Users/adamwells/.npm/markdown/0.5.0/package.tgz
44 verbose tar unpacking to /usr/local/lib/node_modules/markdown
45 verbose gentlyRm vacuuming /usr/local/lib/node_modules/markdown
46 silly gunzTarPerm modes [ '755', '644' ]
47 error tar.unpack untar error /Users/adamwells/.npm/markdown/0.5.0/package.tgz
48 verbose unlock done using /Users/adamwells/.npm/_locks/markdown-dafce6ca41e387ac.lock for /usr/local/lib/node_modules/markdown
49 verbose fstream_path /usr/local/lib/node_modules/markdown
50 verbose fstream_type Directory
51 verbose fstream_class DirWriter
52 verbose stack Error: EACCES, mkdir '/usr/local/lib/node_modules/markdown'
52 verbose stack     at Error (native)
53 verbose fstream_stack /usr/local/lib/node_modules/npm/node_modules/fstream/lib/dir-writer.js:36:23
53 verbose fstream_stack /usr/local/lib/node_modules/npm/node_modules/mkdirp/index.js:46:53
53 verbose fstream_stack FSReqWrap.oncomplete (fs.js:99:15)
54 verbose cwd /Users/adamwells/aa/projects/markdownEditor
55 error Darwin 13.4.0
56 error argv "node" "/usr/local/bin/npm" "install" "-g" "markdown"
57 error node v0.12.0
58 error npm  v2.5.1
59 error path /usr/local/lib/node_modules/markdown
60 error code EACCES
61 error errno -13
62 error Error: EACCES, mkdir '/usr/local/lib/node_modules/markdown'
62 error     at Error (native)
62 error  { [Error: EACCES, mkdir '/usr/local/lib/node_modules/markdown']
62 error   errno: -13,
62 error   code: 'EACCES',
62 error   path: '/usr/local/lib/node_modules/markdown',
62 error   fstream_type: 'Directory',
62 error   fstream_path: '/usr/local/lib/node_modules/markdown',
62 error   fstream_class: 'DirWriter',
62 error   fstream_stack:
62 error    [ '/usr/local/lib/node_modules/npm/node_modules/fstream/lib/dir-writer.js:36:23',
62 error      '/usr/local/lib/node_modules/npm/node_modules/mkdirp/index.js:46:53',
62 error      'FSReqWrap.oncomplete (fs.js:99:15)' ] }
63 error Please try running this command again as root/Administrator.
64 verbose exit [ -13, true ]
65 verbose unbuild lib/node_modules/markdown
66 verbose gentlyRm vacuuming /usr/local/lib/node_modules/markdown
